<?xml version="1.0" encoding="UTF-8"?>
<!-- Generated by org.testng.reporters.JUnitReportReporter -->
<testsuite hostname="BINTERNS-QA47L" failures="0" tests="10" name="TEST.banktest1" time="30.629" errors="0" timestamp="2023-05-12T15:01:01 IST" skipped="0">
  <testcase classname="TEST.banktest1" name="logo_displaycheck" time="1.484"/>
  <system-out/>
  <testcase classname="TEST.banktest1" name="Customerlogin" time="3.088"/>
  <system-out/>
  <testcase classname="TEST.banktest1" name="user_login_check" time="2.261"/>
  <system-out/>
  <testcase classname="TEST.banktest1" name="deposit_ch" time="2.711"/>
  <system-out/>
  <testcase classname="TEST.banktest1" name="withdrwal_ch" time="4.250"/>
  <system-out/>
  <testcase classname="TEST.banktest1" name="transaction_check" time="4.153"/>
  <system-out/>
  <testcase classname="TEST.banktest1" name="home_check_button" time="2.090"/>
  <system-out/>
  <testcase classname="TEST.banktest1" name="bankmanagercheck" time="2.086"/>
  <system-out/>
  <testcase classname="TEST.banktest1" name="OpenBankAccount" time="6.429"/>
  <system-out/>
  <testcase classname="TEST.banktest1" name="BankCustomerList_Check" time="2.077"/>
  <system-out/>
</testsuite> <!-- TEST.banktest1 -->
