<?xml version="1.0" encoding="UTF-8"?>
<!-- Generated by org.testng.reporters.JUnitReportReporter -->
<testsuite hostname="BINTERNS-QA47L" failures="0" tests="11" name="TEST.banktest1" time="34.552" errors="0" timestamp="2023-05-18T15:06:31 IST" skipped="0">
  <testcase classname="TEST.banktest1" name="logo_displaycheck" time="0.665"/>
  <system-out/>
  <testcase classname="TEST.banktest1" name="Customerlogin" time="3.061"/>
  <system-out/>
  <testcase classname="TEST.banktest1" name="user_login_check" time="2.144"/>
  <system-out/>
  <testcase classname="TEST.banktest1" name="deposit_ch" time="2.521"/>
  <system-out/>
  <testcase classname="TEST.banktest1" name="withdrwal_ch" time="4.147"/>
  <system-out/>
  <testcase classname="TEST.banktest1" name="transaction_check" time="4.107"/>
  <system-out/>
  <testcase classname="TEST.banktest1" name="home_check_button" time="2.051"/>
  <system-out/>
  <testcase classname="TEST.banktest1" name="bankmanagercheck" time="2.063"/>
  <system-out/>
  <testcase classname="TEST.banktest1" name="OpenBankAccount" time="6.079"/>
  <system-out/>
  <testcase classname="TEST.banktest1" name="add_custmober" time="5.644"/>
  <system-out/>
  <testcase classname="TEST.banktest1" name="BankCustomerList_Check" time="2.070"/>
  <system-out/>
</testsuite> <!-- TEST.banktest1 -->
