<?xml version="1.0" encoding="UTF-8"?>
<!-- Generated by org.testng.reporters.JUnitReportReporter -->
<testsuite hostname="BINTERNS-QA47L" failures="0" tests="11" name="TEST.banktest1" time="34.281" errors="0" timestamp="2023-05-15T11:07:31 IST" skipped="0">
  <testcase classname="TEST.banktest1" name="logo_displaycheck" time="0.834"/>
  <system-out/>
  <testcase classname="TEST.banktest1" name="Customerlogin" time="3.060"/>
  <system-out/>
  <testcase classname="TEST.banktest1" name="user_login_check" time="2.150"/>
  <system-out/>
  <testcase classname="TEST.banktest1" name="deposit_ch" time="2.545"/>
  <system-out/>
  <testcase classname="TEST.banktest1" name="withdrwal_ch" time="4.176"/>
  <system-out/>
  <testcase classname="TEST.banktest1" name="transaction_check" time="4.101"/>
  <system-out/>
  <testcase classname="TEST.banktest1" name="home_check_button" time="2.056"/>
  <system-out/>
  <testcase classname="TEST.banktest1" name="bankmanagercheck" time="2.056"/>
  <system-out/>
  <testcase classname="TEST.banktest1" name="OpenBankAccount" time="5.590"/>
  <system-out/>
  <testcase classname="TEST.banktest1" name="add_custmober" time="5.635"/>
  <system-out/>
  <testcase classname="TEST.banktest1" name="BankCustomerList_Check" time="2.078"/>
  <system-out/>
</testsuite> <!-- TEST.banktest1 -->
