<?xml version="1.0" encoding="UTF-8"?>
<!-- Generated by org.testng.reporters.JUnitReportReporter -->
<testsuite hostname="BINTERNS-QA47L" failures="0" tests="10" name="TEST.banktest1" time="29.123" errors="0" timestamp="2023-05-12T16:06:29 IST" skipped="0">
  <testcase classname="TEST.banktest1" name="logo_displaycheck" time="0.700"/>
  <system-out/>
  <testcase classname="TEST.banktest1" name="Customerlogin" time="3.083"/>
  <system-out/>
  <testcase classname="TEST.banktest1" name="user_login_check" time="2.271"/>
  <system-out/>
  <testcase classname="TEST.banktest1" name="deposit_ch" time="2.636"/>
  <system-out/>
  <testcase classname="TEST.banktest1" name="withdrwal_ch" time="4.282"/>
  <system-out/>
  <testcase classname="TEST.banktest1" name="transaction_check" time="4.141"/>
  <system-out/>
  <testcase classname="TEST.banktest1" name="home_check_button" time="2.087"/>
  <system-out/>
  <testcase classname="TEST.banktest1" name="bankmanagercheck" time="2.070"/>
  <system-out/>
  <testcase classname="TEST.banktest1" name="OpenBankAccount" time="5.781"/>
  <system-out/>
  <testcase classname="TEST.banktest1" name="BankCustomerList_Check" time="2.072"/>
  <system-out/>
</testsuite> <!-- TEST.banktest1 -->
