<?xml version="1.0" encoding="UTF-8"?>
<!-- Generated by org.testng.reporters.JUnitReportReporter -->
<testsuite hostname="BINTERNS-QA47L" failures="0" tests="10" name="TEST.banktest1" time="29.459" errors="0" timestamp="2023-05-12T15:02:46 IST" skipped="0">
  <testcase classname="TEST.banktest1" name="logo_displaycheck" time="1.092"/>
  <system-out/>
  <testcase classname="TEST.banktest1" name="Customerlogin" time="3.088"/>
  <system-out/>
  <testcase classname="TEST.banktest1" name="user_login_check" time="2.248"/>
  <system-out/>
  <testcase classname="TEST.banktest1" name="deposit_ch" time="2.636"/>
  <system-out/>
  <testcase classname="TEST.banktest1" name="withdrwal_ch" time="4.263"/>
  <system-out/>
  <testcase classname="TEST.banktest1" name="transaction_check" time="4.141"/>
  <system-out/>
  <testcase classname="TEST.banktest1" name="home_check_button" time="2.081"/>
  <system-out/>
  <testcase classname="TEST.banktest1" name="bankmanagercheck" time="2.071"/>
  <system-out/>
  <testcase classname="TEST.banktest1" name="OpenBankAccount" time="5.761"/>
  <system-out/>
  <testcase classname="TEST.banktest1" name="BankCustomerList_Check" time="2.078"/>
  <system-out/>
</testsuite> <!-- TEST.banktest1 -->
