<?xml version="1.0" encoding="UTF-8"?>
<!-- Generated by org.testng.reporters.JUnitReportReporter -->
<testsuite hostname="BINTERNS-QA47L" failures="0" tests="10" name="TEST.banktest1" time="29.856" errors="0" timestamp="2023-05-11T17:51:31 IST" skipped="0">
  <testcase classname="TEST.banktest1" name="logo_displaycheck" time="0.714"/>
  <system-out/>
  <testcase classname="TEST.banktest1" name="Customerlogin" time="3.090"/>
  <system-out/>
  <testcase classname="TEST.banktest1" name="user_login_check" time="2.288"/>
  <system-out/>
  <testcase classname="TEST.banktest1" name="deposit_ch" time="3.301"/>
  <system-out/>
  <testcase classname="TEST.banktest1" name="withdrwal_ch" time="4.276"/>
  <system-out/>
  <testcase classname="TEST.banktest1" name="transaction_check" time="4.170"/>
  <system-out/>
  <testcase classname="TEST.banktest1" name="home_check_button" time="2.107"/>
  <system-out/>
  <testcase classname="TEST.banktest1" name="bankmanagercheck" time="2.075"/>
  <system-out/>
  <testcase classname="TEST.banktest1" name="OpenBankAccount" time="5.766"/>
  <system-out/>
  <testcase classname="TEST.banktest1" name="BankCustomerList_Check" time="2.069"/>
  <system-out/>
</testsuite> <!-- TEST.banktest1 -->
